{"message":"FoldersService is not defined","level":"error"}
{"message":"Cannot read property 'select' of undefined","level":"error"}
{"message":"Cannot read property 'select' of undefined","level":"error"}
{"message":"Cannot read property 'select' of undefined","level":"error"}
{"message":"Cannot read property 'select' of undefined","level":"error"}
{"message":"Cannot read property 'select' of undefined","level":"error"}
{"message":"Unexpected token } in JSON at position 309","level":"error"}
{"message":"NotesService is not defined","level":"error"}
{"message":"RecommendationsService.deleteProvider is not a function","level":"error"}
{"message":"VisitsService.insertRecommendation is not a function","level":"error"}
{"message":"select * from \"takecharge_visits\" where \"recommendation_id\" = $1 limit $2 - column \"recommendation_id\" does not exist","level":"error"}
{"message":"select * from \"takecharge_visits\" where \"recommendation_id\" = $1 limit $2 - column \"recommendation_id\" does not exist","level":"error"}
{"message":"select * from \"takecharge_visits\" where \"recommendation_id\" = $1 limit $2 - column \"recommendation_id\" does not exist","level":"error"}
{"message":"visit is not defined","level":"error"}
{"message":"visit is not defined","level":"error"}
{"message":"visit is not defined","level":"error"}
{"message":"visit is not defined","level":"error"}
{"message":"visit is not defined","level":"error"}
{"message":"visit is not defined","level":"error"}
{"message":"select * from \"takecharge_providers\" where \"hcp_id\" = $1 limit $2 - invalid input syntax for type uuid: \"undefined\"","level":"error"}
{"message":"select * from \"takecharge_providers\" where \"hcp_id\" = $1 limit $2 - invalid input syntax for type uuid: \"undefined\"","level":"error"}
{"message":"select * from \"takecharge_providers\" where \"hcp_id\" = $1 limit $2 - invalid input syntax for type uuid: \"undefined\"","level":"error"}
{"message":"select * from \"takecharge_providers\" where \"hcp_id\" = $1 limit $2 - invalid input syntax for type uuid: \"undefined\"","level":"error"}
{"message":"insert into \"takecharge_providers\" (\"hcp_address_city\", \"hcp_address_state\", \"hcp_address_street\", \"hcp_address_zip\", \"hcp_location\", \"hcp_name\", \"hcp_phone\", \"hcp_type\") values ($1, $2, $3, $4, $5, $6, $7, $8) returning * - null value in column \"hcp_date_modified\" of relation \"takecharge_providers\" violates not-null constraint","level":"error"}
{"message":"insert into \"takecharge_providers\" (\"hcp_address_city\", \"hcp_address_state\", \"hcp_address_street\", \"hcp_address_zip\", \"hcp_location\", \"hcp_name\", \"hcp_phone\", \"hcp_type\") values ($1, $2, $3, $4, $5, $6, $7, $8) returning * - null value in column \"hcp_date_modified\" of relation \"takecharge_providers\" violates not-null constraint","level":"error"}
{"message":"insert into \"takecharge_providers\" (\"hcp_address_city\", \"hcp_address_state\", \"hcp_address_street\", \"hcp_address_zip\", \"hcp_location\", \"hcp_name\", \"hcp_phone\", \"hcp_type\") values ($1, $2, $3, $4, $5, $6, $7, $8) returning * - null value in column \"hcp_date_modified\" of relation \"takecharge_providers\" violates not-null constraint","level":"error"}
